<?xml version="1.0" encoding="UTF-8"?>
<testsuites name="41 Numeradores Crear Actualizar Eliminar" time="128.864" tests="3" failures="0" errors="0">
   <testsuite name="41 Numeradores Crear Actualizar Eliminar" tests="3" failures="0" errors="0" time="128.864" skipped="0" timestamp="2023-08-14 14:47:04" hostname="jdavila - PCPruebas101.ciel.cielingenieria.com" id="Test Suites/DIGITURNO/BASICO/41 Numeradores Crear Actualizar Eliminar">
      <properties>
[...]
</properties>
      <testcase name="Test Cases/DIGITURNO/BASICO/41 Numeradores Crear" time="42.004" classname="Test Cases/DIGITURNO/BASICO/41 Numeradores Crear" status="PASSED">
         <system-out><![CDATA[2023-08-14 14:47:04 - [TEST_CASE][PASSED] - Test Cases/DIGITURNO/BASICO/41 Numeradores Crear: Test Cases/DIGITURNO/BASICO/41 Numeradores Crear

2023-08-14 14:47:04 - [TEST_STEP][PASSED] - callTestCase(findTestCase("DIGITURNO/BASICO/39 Modelo de atencion"), [:], STOP_ON_FAILURE): Call Test Case 'Test Cases/DIGITURNO/BASICO/39 Modelo de atencion' successfully

2023-08-14 14:47:04 - [TEST_CASE][PASSED] - Test Cases/DIGITURNO/BASICO/39 Modelo de atencion: Test Cases/DIGITURNO/BASICO/39 Modelo de atencion

2023-08-14 14:47:05 - [TEST_STEP][PASSED] - callTestCase(findTestCase("DIGITURNO/BASICO/3 Configuracion"), [:], STOP_ON_FAILURE): Call Test Case 'Test Cases/DIGITURNO/BASICO/3 Configuracion' successfully

2023-08-14 14:47:05 - [TEST_CASE][PASSED] - Test Cases/DIGITURNO/BASICO/3 Configuracion: Test Cases/DIGITURNO/BASICO/3 Configuracion

2023-08-14 14:47:05 - [TEST_STEP][PASSED] - callTestCase(findTestCase("0InicioSesion"), [:], STOP_ON_FAILURE): Call Test Case 'Test Cases/0InicioSesion' successfully

2023-08-14 14:47:05 - [TEST_CASE][PASSED] - Test Cases/0InicioSesion: Test Cases/0InicioSesion

2023-08-14 14:47:05 - [TEST_STEP][PASSED] - openBrowser(UrlDigiturno): Browser is opened with url: 'https://PCPruebas101.ciel.cielingenieria.com:8610'

2023-08-14 14:47:06 - [MESSAGE][INFO] - Starting 'Chrome' driver

2023-08-14 14:47:06 - [MESSAGE][INFO] - User set preference: ['args', '[--use-fake-ui-for-media-stream, --disable-notifications]']

2023-08-14 14:47:06 - [MESSAGE][INFO] - Action delay is set to 0 milliseconds

2023-08-14 14:47:08 - [MESSAGE][PASSED] - Browser is opened with url: 'https://PCPruebas101.ciel.cielingenieria.com:8610'

2023-08-14 14:47:08 - [TEST_STEP][PASSED] - maximizeWindow(): Current window maximized

2023-08-14 14:47:08 - [MESSAGE][PASSED] - Current window maximized

2023-08-14 14:47:08 - [TEST_STEP][PASSED] - delay(3): Delayed 3 second(s)

2023-08-14 14:47:12 - [MESSAGE][PASSED] - Delayed 3 second(s)

2023-08-14 14:47:12 - [TEST_STEP][PASSED] - setText(findTestObject("0Inicio Sesion/input_Usuario"), "Ciel"): Text 'Ciel' is set on object 'Object Repository/0Inicio Sesion/input_Usuario'

2023-08-14 14:47:12 - [MESSAGE][PASSED] - Text 'Ciel' is set on object 'Object Repository/0Inicio Sesion/input_Usuario'

2023-08-14 14:47:12 - [TEST_STEP][PASSED] - setText(findTestObject("0Inicio Sesion/input_Clave"), "digiturno"): Text 'digiturno' is set on object 'Object Repository/0Inicio Sesion/input_Clave'

2023-08-14 14:47:13 - [MESSAGE][PASSED] - Text 'digiturno' is set on object 'Object Repository/0Inicio Sesion/input_Clave'

2023-08-14 14:47:13 - [TEST_STEP][PASSED] - click(findTestObject("0Inicio Sesion/btn_IniciarSesion")): Object: 'Object Repository/0Inicio Sesion/btn_IniciarSesion' is clicked on

2023-08-14 14:47:13 - [MESSAGE][PASSED] - Object: 'Object Repository/0Inicio Sesion/btn_IniciarSesion' is clicked on

2023-08-14 14:47:13 - [TEST_STEP][PASSED] - delay(3): Delayed 3 second(s)

2023-08-14 14:47:16 - [MESSAGE][PASSED] - Delayed 3 second(s)

2023-08-14 14:47:17 - [MESSAGE][PASSED] - Call Test Case 'Test Cases/0InicioSesion' successfully

2023-08-14 14:47:17 - [TEST_STEP][PASSED] - click(findTestObject("DIGITURNO/1Principal/img_Configuracion(1)")): Object: 'Object Repository/DIGITURNO/1Principal/img_Configuracion(1)' is clicked on

2023-08-14 14:47:18 - [MESSAGE][PASSED] - Object: 'Object Repository/DIGITURNO/1Principal/img_Configuracion(1)' is clicked on

2023-08-14 14:47:18 - [TEST_STEP][PASSED] - delay(3): Delayed 3 second(s)

2023-08-14 14:47:21 - [MESSAGE][PASSED] - Delayed 3 second(s)

2023-08-14 14:47:21 - [TEST_STEP][PASSED] - takeFullPageScreenshot(): Taking screenshot successfully

2023-08-14 14:47:22 - [MESSAGE][INFO] - 0 hidden object(s)

2023-08-14 14:47:22 - [MESSAGE][PASSED] - Taking screenshot successfully
[[ATTACHMENT|C:\\CIEL INGENIERIA\\Katalon\\Digiturno55\\Reports\\20230814_141235\\DIGITURNO\\BASICO\\41 Numeradores Crear Actualizar Eliminar\\20230814_141322\\1692042441662.png]]

2023-08-14 14:47:22 - [TEST_STEP][PASSED] - delay(3): Delayed 3 second(s)

2023-08-14 14:47:25 - [MESSAGE][PASSED] - Delayed 3 second(s)

2023-08-14 14:47:25 - [MESSAGE][PASSED] - Call Test Case 'Test Cases/DIGITURNO/BASICO/3 Configuracion' successfully

2023-08-14 14:47:25 - [TEST_STEP][PASSED] - click(findTestObject("DIGITURNO/CONFIGURACION/0Principal/img_1Modelo de atencion")): Object: 'Object Repository/DIGITURNO/CONFIGURACION/0Principal/img_1Modelo de atencion' is clicked on

2023-08-14 14:47:25 - [MESSAGE][PASSED] - Object: 'Object Repository/DIGITURNO/CONFIGURACION/0Principal/img_1Modelo de atencion' is clicked on

2023-08-14 14:47:25 - [TEST_STEP][PASSED] - delay(3): Delayed 3 second(s)

2023-08-14 14:47:28 - [MESSAGE][PASSED] - Delayed 3 second(s)

2023-08-14 14:47:28 - [TEST_STEP][PASSED] - takeFullPageScreenshot(): Taking screenshot successfully

2023-08-14 14:47:29 - [MESSAGE][INFO] - 0 hidden object(s)

2023-08-14 14:47:29 - [MESSAGE][PASSED] - Taking screenshot successfully
[[ATTACHMENT|C:\\CIEL INGENIERIA\\Katalon\\Digiturno55\\Reports\\20230814_141235\\DIGITURNO\\BASICO\\41 Numeradores Crear Actualizar Eliminar\\20230814_141322\\1692042448928.png]]

2023-08-14 14:47:29 - [TEST_STEP][PASSED] - delay(3): Delayed 3 second(s)

2023-08-14 14:47:32 - [MESSAGE][PASSED] - Delayed 3 second(s)

2023-08-14 14:47:32 - [MESSAGE][PASSED] - Call Test Case 'Test Cases/DIGITURNO/BASICO/39 Modelo de atencion' successfully

2023-08-14 14:47:32 - [TEST_STEP][PASSED] - click(findTestObject("DIGITURNO/CONFIGURACION/1Modelo de Atencion/0Principal/img_2Numeradores")): Object: 'Object Repository/DIGITURNO/CONFIGURACION/1Modelo de Atencion/0Principal/img_2Numeradores' is clicked on

2023-08-14 14:47:33 - [MESSAGE][PASSED] - Object: 'Object Repository/DIGITURNO/CONFIGURACION/1Modelo de Atencion/0Principal/img_2Numeradores' is clicked on

2023-08-14 14:47:33 - [TEST_STEP][PASSED] - delay(3): Delayed 3 second(s)

2023-08-14 14:47:36 - [MESSAGE][PASSED] - Delayed 3 second(s)

2023-08-14 14:47:36 - [TEST_STEP][PASSED] - setText(findTestObject("DIGITURNO/CONFIGURACION/1Modelo de Atencion/2Numeradores/Edicion/input_Nombre"), "Prueba"): Text 'Prueba' is set on object 'Object Repository/DIGITURNO/CONFIGURACION/1Modelo de Atencion/2Numeradores/Edicion/input_Nombre'

2023-08-14 14:47:37 - [MESSAGE][PASSED] - Text 'Prueba' is set on object 'Object Repository/DIGITURNO/CONFIGURACION/1Modelo de Atencion/2Numeradores/Edicion/input_Nombre'

2023-08-14 14:47:37 - [TEST_STEP][PASSED] - setText(findTestObject("DIGITURNO/CONFIGURACION/1Modelo de Atencion/2Numeradores/Edicion/input_Numero Inicial"), "1"): Text '1' is set on object 'Object Repository/DIGITURNO/CONFIGURACION/1Modelo de Atencion/2Numeradores/Edicion/input_Numero Inicial'

2023-08-14 14:47:37 - [MESSAGE][PASSED] - Text '1' is set on object 'Object Repository/DIGITURNO/CONFIGURACION/1Modelo de Atencion/2Numeradores/Edicion/input_Numero Inicial'

2023-08-14 14:47:37 - [TEST_STEP][PASSED] - setText(findTestObject("DIGITURNO/CONFIGURACION/1Modelo de Atencion/2Numeradores/Edicion/input_Numero final"), "500"): Text '500' is set on object 'Object Repository/DIGITURNO/CONFIGURACION/1Modelo de Atencion/2Numeradores/Edicion/input_Numero final'

2023-08-14 14:47:38 - [MESSAGE][PASSED] - Text '500' is set on object 'Object Repository/DIGITURNO/CONFIGURACION/1Modelo de Atencion/2Numeradores/Edicion/input_Numero final'

2023-08-14 14:47:38 - [TEST_STEP][PASSED] - setText(findTestObject("DIGITURNO/CONFIGURACION/1Modelo de Atencion/2Numeradores/Edicion/input_Prefijo"), "PR"): Text 'PR' is set on object 'Object Repository/DIGITURNO/CONFIGURACION/1Modelo de Atencion/2Numeradores/Edicion/input_Prefijo'

2023-08-14 14:47:39 - [MESSAGE][PASSED] - Text 'PR' is set on object 'Object Repository/DIGITURNO/CONFIGURACION/1Modelo de Atencion/2Numeradores/Edicion/input_Prefijo'

2023-08-14 14:47:39 - [TEST_STEP][PASSED] - click(findTestObject("DIGITURNO/CONFIGURACION/1Modelo de Atencion/2Numeradores/Edicion/img_Nuevo")): Object: 'Object Repository/DIGITURNO/CONFIGURACION/1Modelo de Atencion/2Numeradores/Edicion/img_Nuevo' is clicked on

2023-08-14 14:47:39 - [MESSAGE][PASSED] - Object: 'Object Repository/DIGITURNO/CONFIGURACION/1Modelo de Atencion/2Numeradores/Edicion/img_Nuevo' is clicked on

2023-08-14 14:47:39 - [TEST_STEP][PASSED] - delay(3): Delayed 3 second(s)

2023-08-14 14:47:42 - [MESSAGE][PASSED] - Delayed 3 second(s)

2023-08-14 14:47:42 - [TEST_STEP][PASSED] - takeFullPageScreenshot(): Taking screenshot successfully

2023-08-14 14:47:43 - [MESSAGE][INFO] - 0 hidden object(s)

2023-08-14 14:47:43 - [MESSAGE][PASSED] - Taking screenshot successfully
[[ATTACHMENT|C:\\CIEL INGENIERIA\\Katalon\\Digiturno55\\Reports\\20230814_141235\\DIGITURNO\\BASICO\\41 Numeradores Crear Actualizar Eliminar\\20230814_141322\\1692042462920.png]]

2023-08-14 14:47:43 - [TEST_STEP][PASSED] - delay(3): Delayed 3 second(s)

2023-08-14 14:47:46 - [MESSAGE][PASSED] - Delayed 3 second(s)

2023-08-14 14:47:46 - [TEST_STEP][PASSED] - Start listener action : sampleAfterTestCase: null]]></system-out>
         <system-err><![CDATA[]]></system-err>
      </testcase>
      <testcase name="Test Cases/DIGITURNO/BASICO/41 Numeradores Actualizar" time="42.881" classname="Test Cases/DIGITURNO/BASICO/41 Numeradores Actualizar" status="PASSED">
         <system-out><![CDATA[2023-08-14 14:47:46 - [TEST_CASE][PASSED] - Test Cases/DIGITURNO/BASICO/41 Numeradores Actualizar: Test Cases/DIGITURNO/BASICO/41 Numeradores Actualizar

2023-08-14 14:47:46 - [TEST_STEP][PASSED] - callTestCase(findTestCase("DIGITURNO/BASICO/39 Modelo de atencion"), [:], STOP_ON_FAILURE): Call Test Case 'Test Cases/DIGITURNO/BASICO/39 Modelo de atencion' successfully

2023-08-14 14:47:46 - [TEST_CASE][PASSED] - Test Cases/DIGITURNO/BASICO/39 Modelo de atencion: Test Cases/DIGITURNO/BASICO/39 Modelo de atencion

2023-08-14 14:47:46 - [TEST_STEP][PASSED] - callTestCase(findTestCase("DIGITURNO/BASICO/3 Configuracion"), [:], STOP_ON_FAILURE): Call Test Case 'Test Cases/DIGITURNO/BASICO/3 Configuracion' successfully

2023-08-14 14:47:46 - [TEST_CASE][PASSED] - Test Cases/DIGITURNO/BASICO/3 Configuracion: Test Cases/DIGITURNO/BASICO/3 Configuracion

2023-08-14 14:47:47 - [TEST_STEP][PASSED] - callTestCase(findTestCase("0InicioSesion"), [:], STOP_ON_FAILURE): Call Test Case 'Test Cases/0InicioSesion' successfully

2023-08-14 14:47:47 - [TEST_CASE][PASSED] - Test Cases/0InicioSesion: Test Cases/0InicioSesion

2023-08-14 14:47:47 - [TEST_STEP][PASSED] - openBrowser(UrlDigiturno): Browser is opened with url: 'https://PCPruebas101.ciel.cielingenieria.com:8610'

2023-08-14 14:47:47 - [MESSAGE][WARNING] - A browser is already opened. Closing browser and opening a new one

2023-08-14 14:47:47 - [MESSAGE][INFO] - Starting 'Chrome' driver

2023-08-14 14:47:47 - [MESSAGE][INFO] - User set preference: ['args', '[--use-fake-ui-for-media-stream, --disable-notifications]']

2023-08-14 14:47:47 - [MESSAGE][INFO] - Action delay is set to 0 milliseconds

2023-08-14 14:47:49 - [MESSAGE][PASSED] - Browser is opened with url: 'https://PCPruebas101.ciel.cielingenieria.com:8610'

2023-08-14 14:47:49 - [TEST_STEP][PASSED] - maximizeWindow(): Current window maximized

2023-08-14 14:47:49 - [MESSAGE][PASSED] - Current window maximized

2023-08-14 14:47:49 - [TEST_STEP][PASSED] - delay(3): Delayed 3 second(s)

2023-08-14 14:47:52 - [MESSAGE][PASSED] - Delayed 3 second(s)

2023-08-14 14:47:52 - [TEST_STEP][PASSED] - setText(findTestObject("0Inicio Sesion/input_Usuario"), "Ciel"): Text 'Ciel' is set on object 'Object Repository/0Inicio Sesion/input_Usuario'

2023-08-14 14:47:53 - [MESSAGE][PASSED] - Text 'Ciel' is set on object 'Object Repository/0Inicio Sesion/input_Usuario'

2023-08-14 14:47:53 - [TEST_STEP][PASSED] - setText(findTestObject("0Inicio Sesion/input_Clave"), "digiturno"): Text 'digiturno' is set on object 'Object Repository/0Inicio Sesion/input_Clave'

2023-08-14 14:47:53 - [MESSAGE][PASSED] - Text 'digiturno' is set on object 'Object Repository/0Inicio Sesion/input_Clave'

2023-08-14 14:47:53 - [TEST_STEP][PASSED] - click(findTestObject("0Inicio Sesion/btn_IniciarSesion")): Object: 'Object Repository/0Inicio Sesion/btn_IniciarSesion' is clicked on

2023-08-14 14:47:54 - [MESSAGE][PASSED] - Object: 'Object Repository/0Inicio Sesion/btn_IniciarSesion' is clicked on

2023-08-14 14:47:54 - [TEST_STEP][PASSED] - delay(3): Delayed 3 second(s)

2023-08-14 14:47:57 - [MESSAGE][PASSED] - Delayed 3 second(s)

2023-08-14 14:47:57 - [MESSAGE][PASSED] - Call Test Case 'Test Cases/0InicioSesion' successfully

2023-08-14 14:47:57 - [TEST_STEP][PASSED] - click(findTestObject("DIGITURNO/1Principal/img_Configuracion(1)")): Object: 'Object Repository/DIGITURNO/1Principal/img_Configuracion(1)' is clicked on

2023-08-14 14:47:57 - [MESSAGE][PASSED] - Object: 'Object Repository/DIGITURNO/1Principal/img_Configuracion(1)' is clicked on

2023-08-14 14:47:57 - [TEST_STEP][PASSED] - delay(3): Delayed 3 second(s)

2023-08-14 14:48:00 - [MESSAGE][PASSED] - Delayed 3 second(s)

2023-08-14 14:48:00 - [TEST_STEP][PASSED] - takeFullPageScreenshot(): Taking screenshot successfully

2023-08-14 14:48:01 - [MESSAGE][INFO] - 0 hidden object(s)

2023-08-14 14:48:01 - [MESSAGE][PASSED] - Taking screenshot successfully
[[ATTACHMENT|C:\\CIEL INGENIERIA\\Katalon\\Digiturno55\\Reports\\20230814_141235\\DIGITURNO\\BASICO\\41 Numeradores Crear Actualizar Eliminar\\20230814_141322\\1692042480981.png]]

2023-08-14 14:48:01 - [TEST_STEP][PASSED] - delay(3): Delayed 3 second(s)

2023-08-14 14:48:04 - [MESSAGE][PASSED] - Delayed 3 second(s)

2023-08-14 14:48:04 - [MESSAGE][PASSED] - Call Test Case 'Test Cases/DIGITURNO/BASICO/3 Configuracion' successfully

2023-08-14 14:48:04 - [TEST_STEP][PASSED] - click(findTestObject("DIGITURNO/CONFIGURACION/0Principal/img_1Modelo de atencion")): Object: 'Object Repository/DIGITURNO/CONFIGURACION/0Principal/img_1Modelo de atencion' is clicked on

2023-08-14 14:48:05 - [MESSAGE][PASSED] - Object: 'Object Repository/DIGITURNO/CONFIGURACION/0Principal/img_1Modelo de atencion' is clicked on

2023-08-14 14:48:05 - [TEST_STEP][PASSED] - delay(3): Delayed 3 second(s)

2023-08-14 14:48:08 - [MESSAGE][PASSED] - Delayed 3 second(s)

2023-08-14 14:48:08 - [TEST_STEP][PASSED] - takeFullPageScreenshot(): Taking screenshot successfully

2023-08-14 14:48:08 - [MESSAGE][INFO] - 0 hidden object(s)

2023-08-14 14:48:08 - [MESSAGE][PASSED] - Taking screenshot successfully
[[ATTACHMENT|C:\\CIEL INGENIERIA\\Katalon\\Digiturno55\\Reports\\20230814_141235\\DIGITURNO\\BASICO\\41 Numeradores Crear Actualizar Eliminar\\20230814_141322\\1692042488124.png]]

2023-08-14 14:48:08 - [TEST_STEP][PASSED] - delay(3): Delayed 3 second(s)

2023-08-14 14:48:11 - [MESSAGE][PASSED] - Delayed 3 second(s)

2023-08-14 14:48:11 - [MESSAGE][PASSED] - Call Test Case 'Test Cases/DIGITURNO/BASICO/39 Modelo de atencion' successfully

2023-08-14 14:48:11 - [TEST_STEP][PASSED] - click(findTestObject("DIGITURNO/CONFIGURACION/1Modelo de Atencion/0Principal/img_2Numeradores")): Object: 'Object Repository/DIGITURNO/CONFIGURACION/1Modelo de Atencion/0Principal/img_2Numeradores' is clicked on

2023-08-14 14:48:12 - [MESSAGE][PASSED] - Object: 'Object Repository/DIGITURNO/CONFIGURACION/1Modelo de Atencion/0Principal/img_2Numeradores' is clicked on

2023-08-14 14:48:12 - [TEST_STEP][PASSED] - delay(3): Delayed 3 second(s)

2023-08-14 14:48:15 - [MESSAGE][PASSED] - Delayed 3 second(s)

2023-08-14 14:48:15 - [TEST_STEP][PASSED] - setText(findTestObject("DIGITURNO/CONFIGURACION/1Modelo de Atencion/2Numeradores/Lista de Numeradores/input_Buscar"), "Prueba"): Text 'Prueba' is set on object 'Object Repository/DIGITURNO/CONFIGURACION/1Modelo de Atencion/2Numeradores/Lista de Numeradores/input_Buscar'

2023-08-14 14:48:16 - [MESSAGE][PASSED] - Text 'Prueba' is set on object 'Object Repository/DIGITURNO/CONFIGURACION/1Modelo de Atencion/2Numeradores/Lista de Numeradores/input_Buscar'

2023-08-14 14:48:16 - [TEST_STEP][PASSED] - click(findTestObject("DIGITURNO/CONFIGURACION/1Modelo de Atencion/2Numeradores/Lista de Numeradores/btn_Buscar")): Object: 'Object Repository/DIGITURNO/CONFIGURACION/1Modelo de Atencion/2Numeradores/Lista de Numeradores/btn_Buscar' is clicked on

2023-08-14 14:48:16 - [MESSAGE][PASSED] - Object: 'Object Repository/DIGITURNO/CONFIGURACION/1Modelo de Atencion/2Numeradores/Lista de Numeradores/btn_Buscar' is clicked on

2023-08-14 14:48:16 - [TEST_STEP][PASSED] - delay(3): Delayed 3 second(s)

2023-08-14 14:48:19 - [MESSAGE][PASSED] - Delayed 3 second(s)

2023-08-14 14:48:19 - [TEST_STEP][PASSED] - click(findTestObject("DIGITURNO/CONFIGURACION/1Modelo de Atencion/2Numeradores/Lista de Numeradores/td_1 Seleccion Busqueda")): Object: 'Object Repository/DIGITURNO/CONFIGURACION/1Modelo de Atencion/2Numeradores/Lista de Numeradores/td_1 Seleccion Busqueda' is clicked on

2023-08-14 14:48:19 - [MESSAGE][PASSED] - Object: 'Object Repository/DIGITURNO/CONFIGURACION/1Modelo de Atencion/2Numeradores/Lista de Numeradores/td_1 Seleccion Busqueda' is clicked on

2023-08-14 14:48:19 - [TEST_STEP][PASSED] - delay(2): Delayed 2 second(s)

2023-08-14 14:48:21 - [MESSAGE][PASSED] - Delayed 2 second(s)

2023-08-14 14:48:21 - [TEST_STEP][PASSED] - check(findTestObject("DIGITURNO/CONFIGURACION/1Modelo de Atencion/2Numeradores/Edicion/label_Rellenar")): Object 'Object Repository/DIGITURNO/CONFIGURACION/1Modelo de Atencion/2Numeradores/Edicion/label_Rellenar' is checked

2023-08-14 14:48:22 - [MESSAGE][PASSED] - Object 'Object Repository/DIGITURNO/CONFIGURACION/1Modelo de Atencion/2Numeradores/Edicion/label_Rellenar' is checked

2023-08-14 14:48:22 - [TEST_STEP][PASSED] - click(findTestObject("DIGITURNO/CONFIGURACION/1Modelo de Atencion/2Numeradores/Edicion/img_Actualizar")): Object: 'Object Repository/DIGITURNO/CONFIGURACION/1Modelo de Atencion/2Numeradores/Edicion/img_Actualizar' is clicked on

2023-08-14 14:48:22 - [MESSAGE][PASSED] - Object: 'Object Repository/DIGITURNO/CONFIGURACION/1Modelo de Atencion/2Numeradores/Edicion/img_Actualizar' is clicked on

2023-08-14 14:48:22 - [TEST_STEP][PASSED] - delay(3): Delayed 3 second(s)

2023-08-14 14:48:25 - [MESSAGE][PASSED] - Delayed 3 second(s)

2023-08-14 14:48:25 - [TEST_STEP][PASSED] - takeFullPageScreenshot(): Taking screenshot successfully

2023-08-14 14:48:26 - [MESSAGE][INFO] - 0 hidden object(s)

2023-08-14 14:48:26 - [MESSAGE][PASSED] - Taking screenshot successfully
[[ATTACHMENT|C:\\CIEL INGENIERIA\\Katalon\\Digiturno55\\Reports\\20230814_141235\\DIGITURNO\\BASICO\\41 Numeradores Crear Actualizar Eliminar\\20230814_141322\\1692042505892.png]]

2023-08-14 14:48:26 - [TEST_STEP][PASSED] - delay(3): Delayed 3 second(s)

2023-08-14 14:48:29 - [MESSAGE][PASSED] - Delayed 3 second(s)

2023-08-14 14:48:29 - [TEST_STEP][PASSED] - Start listener action : sampleAfterTestCase: null]]></system-out>
         <system-err><![CDATA[]]></system-err>
      </testcase>
      <testcase name="Test Cases/DIGITURNO/BASICO/41 Numeradores Eliminar" time="43.708" classname="Test Cases/DIGITURNO/BASICO/41 Numeradores Eliminar" status="PASSED">
         <system-out><![CDATA[2023-08-14 14:48:29 - [TEST_CASE][PASSED] - Test Cases/DIGITURNO/BASICO/41 Numeradores Eliminar: Test Cases/DIGITURNO/BASICO/41 Numeradores Eliminar

2023-08-14 14:48:29 - [TEST_STEP][PASSED] - callTestCase(findTestCase("DIGITURNO/BASICO/39 Modelo de atencion"), [:], STOP_ON_FAILURE): Call Test Case 'Test Cases/DIGITURNO/BASICO/39 Modelo de atencion' successfully

2023-08-14 14:48:29 - [TEST_CASE][PASSED] - Test Cases/DIGITURNO/BASICO/39 Modelo de atencion: Test Cases/DIGITURNO/BASICO/39 Modelo de atencion

2023-08-14 14:48:29 - [TEST_STEP][PASSED] - callTestCase(findTestCase("DIGITURNO/BASICO/3 Configuracion"), [:], STOP_ON_FAILURE): Call Test Case 'Test Cases/DIGITURNO/BASICO/3 Configuracion' successfully

2023-08-14 14:48:29 - [TEST_CASE][PASSED] - Test Cases/DIGITURNO/BASICO/3 Configuracion: Test Cases/DIGITURNO/BASICO/3 Configuracion

2023-08-14 14:48:29 - [TEST_STEP][PASSED] - callTestCase(findTestCase("0InicioSesion"), [:], STOP_ON_FAILURE): Call Test Case 'Test Cases/0InicioSesion' successfully

2023-08-14 14:48:29 - [TEST_CASE][PASSED] - Test Cases/0InicioSesion: Test Cases/0InicioSesion

2023-08-14 14:48:29 - [TEST_STEP][PASSED] - openBrowser(UrlDigiturno): Browser is opened with url: 'https://PCPruebas101.ciel.cielingenieria.com:8610'

2023-08-14 14:48:30 - [MESSAGE][WARNING] - A browser is already opened. Closing browser and opening a new one

2023-08-14 14:48:30 - [MESSAGE][INFO] - Starting 'Chrome' driver

2023-08-14 14:48:30 - [MESSAGE][INFO] - User set preference: ['args', '[--use-fake-ui-for-media-stream, --disable-notifications]']

2023-08-14 14:48:30 - [MESSAGE][INFO] - Action delay is set to 0 milliseconds

2023-08-14 14:48:33 - [MESSAGE][PASSED] - Browser is opened with url: 'https://PCPruebas101.ciel.cielingenieria.com:8610'

2023-08-14 14:48:33 - [TEST_STEP][PASSED] - maximizeWindow(): Current window maximized

2023-08-14 14:48:33 - [MESSAGE][PASSED] - Current window maximized

2023-08-14 14:48:33 - [TEST_STEP][PASSED] - delay(3): Delayed 3 second(s)

2023-08-14 14:48:36 - [MESSAGE][PASSED] - Delayed 3 second(s)

2023-08-14 14:48:36 - [TEST_STEP][PASSED] - setText(findTestObject("0Inicio Sesion/input_Usuario"), "Ciel"): Text 'Ciel' is set on object 'Object Repository/0Inicio Sesion/input_Usuario'

2023-08-14 14:48:37 - [MESSAGE][PASSED] - Text 'Ciel' is set on object 'Object Repository/0Inicio Sesion/input_Usuario'

2023-08-14 14:48:37 - [TEST_STEP][PASSED] - setText(findTestObject("0Inicio Sesion/input_Clave"), "digiturno"): Text 'digiturno' is set on object 'Object Repository/0Inicio Sesion/input_Clave'

2023-08-14 14:48:37 - [MESSAGE][PASSED] - Text 'digiturno' is set on object 'Object Repository/0Inicio Sesion/input_Clave'

2023-08-14 14:48:37 - [TEST_STEP][PASSED] - click(findTestObject("0Inicio Sesion/btn_IniciarSesion")): Object: 'Object Repository/0Inicio Sesion/btn_IniciarSesion' is clicked on

2023-08-14 14:48:38 - [MESSAGE][PASSED] - Object: 'Object Repository/0Inicio Sesion/btn_IniciarSesion' is clicked on

2023-08-14 14:48:38 - [TEST_STEP][PASSED] - delay(3): Delayed 3 second(s)

2023-08-14 14:48:41 - [MESSAGE][PASSED] - Delayed 3 second(s)

2023-08-14 14:48:41 - [MESSAGE][PASSED] - Call Test Case 'Test Cases/0InicioSesion' successfully

2023-08-14 14:48:41 - [TEST_STEP][PASSED] - click(findTestObject("DIGITURNO/1Principal/img_Configuracion(1)")): Object: 'Object Repository/DIGITURNO/1Principal/img_Configuracion(1)' is clicked on

2023-08-14 14:48:41 - [MESSAGE][PASSED] - Object: 'Object Repository/DIGITURNO/1Principal/img_Configuracion(1)' is clicked on

2023-08-14 14:48:41 - [TEST_STEP][PASSED] - delay(3): Delayed 3 second(s)

2023-08-14 14:48:44 - [MESSAGE][PASSED] - Delayed 3 second(s)

2023-08-14 14:48:44 - [TEST_STEP][PASSED] - takeFullPageScreenshot(): Taking screenshot successfully

2023-08-14 14:48:45 - [MESSAGE][INFO] - 0 hidden object(s)

2023-08-14 14:48:45 - [MESSAGE][PASSED] - Taking screenshot successfully
[[ATTACHMENT|C:\\CIEL INGENIERIA\\Katalon\\Digiturno55\\Reports\\20230814_141235\\DIGITURNO\\BASICO\\41 Numeradores Crear Actualizar Eliminar\\20230814_141322\\1692042524954.png]]

2023-08-14 14:48:45 - [TEST_STEP][PASSED] - delay(3): Delayed 3 second(s)

2023-08-14 14:48:48 - [MESSAGE][PASSED] - Delayed 3 second(s)

2023-08-14 14:48:48 - [MESSAGE][PASSED] - Call Test Case 'Test Cases/DIGITURNO/BASICO/3 Configuracion' successfully

2023-08-14 14:48:48 - [TEST_STEP][PASSED] - click(findTestObject("DIGITURNO/CONFIGURACION/0Principal/img_1Modelo de atencion")): Object: 'Object Repository/DIGITURNO/CONFIGURACION/0Principal/img_1Modelo de atencion' is clicked on

2023-08-14 14:48:49 - [MESSAGE][PASSED] - Object: 'Object Repository/DIGITURNO/CONFIGURACION/0Principal/img_1Modelo de atencion' is clicked on

2023-08-14 14:48:49 - [TEST_STEP][PASSED] - delay(3): Delayed 3 second(s)

2023-08-14 14:48:52 - [MESSAGE][PASSED] - Delayed 3 second(s)

2023-08-14 14:48:52 - [TEST_STEP][PASSED] - takeFullPageScreenshot(): Taking screenshot successfully

2023-08-14 14:48:52 - [MESSAGE][INFO] - 0 hidden object(s)

2023-08-14 14:48:52 - [MESSAGE][PASSED] - Taking screenshot successfully
[[ATTACHMENT|C:\\CIEL INGENIERIA\\Katalon\\Digiturno55\\Reports\\20230814_141235\\DIGITURNO\\BASICO\\41 Numeradores Crear Actualizar Eliminar\\20230814_141322\\1692042532081.png]]

2023-08-14 14:48:52 - [TEST_STEP][PASSED] - delay(3): Delayed 3 second(s)

2023-08-14 14:48:55 - [MESSAGE][PASSED] - Delayed 3 second(s)

2023-08-14 14:48:55 - [MESSAGE][PASSED] - Call Test Case 'Test Cases/DIGITURNO/BASICO/39 Modelo de atencion' successfully

2023-08-14 14:48:55 - [TEST_STEP][PASSED] - click(findTestObject("DIGITURNO/CONFIGURACION/1Modelo de Atencion/0Principal/img_2Numeradores")): Object: 'Object Repository/DIGITURNO/CONFIGURACION/1Modelo de Atencion/0Principal/img_2Numeradores' is clicked on

2023-08-14 14:48:56 - [MESSAGE][PASSED] - Object: 'Object Repository/DIGITURNO/CONFIGURACION/1Modelo de Atencion/0Principal/img_2Numeradores' is clicked on

2023-08-14 14:48:56 - [TEST_STEP][PASSED] - delay(3): Delayed 3 second(s)

2023-08-14 14:48:59 - [MESSAGE][PASSED] - Delayed 3 second(s)

2023-08-14 14:48:59 - [TEST_STEP][PASSED] - setText(findTestObject("DIGITURNO/CONFIGURACION/1Modelo de Atencion/2Numeradores/Lista de Numeradores/input_Buscar"), "Prueba"): Text 'Prueba' is set on object 'Object Repository/DIGITURNO/CONFIGURACION/1Modelo de Atencion/2Numeradores/Lista de Numeradores/input_Buscar'

2023-08-14 14:48:59 - [MESSAGE][PASSED] - Text 'Prueba' is set on object 'Object Repository/DIGITURNO/CONFIGURACION/1Modelo de Atencion/2Numeradores/Lista de Numeradores/input_Buscar'

2023-08-14 14:48:59 - [TEST_STEP][PASSED] - click(findTestObject("DIGITURNO/CONFIGURACION/1Modelo de Atencion/2Numeradores/Lista de Numeradores/btn_Buscar")): Object: 'Object Repository/DIGITURNO/CONFIGURACION/1Modelo de Atencion/2Numeradores/Lista de Numeradores/btn_Buscar' is clicked on

2023-08-14 14:49:00 - [MESSAGE][PASSED] - Object: 'Object Repository/DIGITURNO/CONFIGURACION/1Modelo de Atencion/2Numeradores/Lista de Numeradores/btn_Buscar' is clicked on

2023-08-14 14:49:00 - [TEST_STEP][PASSED] - delay(3): Delayed 3 second(s)

2023-08-14 14:49:03 - [MESSAGE][PASSED] - Delayed 3 second(s)

2023-08-14 14:49:03 - [TEST_STEP][PASSED] - click(findTestObject("DIGITURNO/CONFIGURACION/1Modelo de Atencion/2Numeradores/Lista de Numeradores/td_1 Seleccion Busqueda")): Object: 'Object Repository/DIGITURNO/CONFIGURACION/1Modelo de Atencion/2Numeradores/Lista de Numeradores/td_1 Seleccion Busqueda' is clicked on

2023-08-14 14:49:03 - [MESSAGE][PASSED] - Object: 'Object Repository/DIGITURNO/CONFIGURACION/1Modelo de Atencion/2Numeradores/Lista de Numeradores/td_1 Seleccion Busqueda' is clicked on

2023-08-14 14:49:03 - [TEST_STEP][PASSED] - delay(2): Delayed 2 second(s)

2023-08-14 14:49:05 - [MESSAGE][PASSED] - Delayed 2 second(s)

2023-08-14 14:49:05 - [TEST_STEP][PASSED] - click(findTestObject("DIGITURNO/CONFIGURACION/1Modelo de Atencion/2Numeradores/Edicion/img_Eliminar")): Object: 'Object Repository/DIGITURNO/CONFIGURACION/1Modelo de Atencion/2Numeradores/Edicion/img_Eliminar' is clicked on

2023-08-14 14:49:06 - [MESSAGE][PASSED] - Object: 'Object Repository/DIGITURNO/CONFIGURACION/1Modelo de Atencion/2Numeradores/Edicion/img_Eliminar' is clicked on

2023-08-14 14:49:06 - [TEST_STEP][PASSED] - click(findTestObject("DIGITURNO/CONFIGURACION/1Modelo de Atencion/2Numeradores/Edicion/img_Eliminar")): Object: 'Object Repository/DIGITURNO/CONFIGURACION/1Modelo de Atencion/2Numeradores/Edicion/img_Eliminar' is clicked on

2023-08-14 14:49:06 - [MESSAGE][PASSED] - Object: 'Object Repository/DIGITURNO/CONFIGURACION/1Modelo de Atencion/2Numeradores/Edicion/img_Eliminar' is clicked on

2023-08-14 14:49:06 - [TEST_STEP][PASSED] - acceptAlert(): Alert accepted

2023-08-14 14:49:06 - [MESSAGE][PASSED] - Alert accepted

2023-08-14 14:49:06 - [TEST_STEP][PASSED] - delay(3): Delayed 3 second(s)

2023-08-14 14:49:09 - [MESSAGE][PASSED] - Delayed 3 second(s)

2023-08-14 14:49:09 - [TEST_STEP][PASSED] - takeFullPageScreenshot(): Taking screenshot successfully

2023-08-14 14:49:09 - [MESSAGE][INFO] - 0 hidden object(s)

2023-08-14 14:49:10 - [MESSAGE][PASSED] - Taking screenshot successfully
[[ATTACHMENT|C:\\CIEL INGENIERIA\\Katalon\\Digiturno55\\Reports\\20230814_141235\\DIGITURNO\\BASICO\\41 Numeradores Crear Actualizar Eliminar\\20230814_141322\\1692042549557.png]]

2023-08-14 14:49:10 - [TEST_STEP][PASSED] - delay(3): Delayed 3 second(s)

2023-08-14 14:49:13 - [MESSAGE][PASSED] - Delayed 3 second(s)

2023-08-14 14:49:13 - [TEST_STEP][PASSED] - Start listener action : sampleAfterTestCase: null]]></system-out>
         <system-err><![CDATA[]]></system-err>
      </testcase>
      <system-out><![CDATA[2023-08-14 14:47:04 - [TEST_SUITE][PASSED] - 41 Numeradores Crear Actualizar Eliminar: Test Cases/DIGITURNO/BASICO/41 Numeradores Eliminar]]></system-out>
      <system-err><![CDATA[]]></system-err>
   </testsuite>
</testsuites>
