<?xml version="1.0" encoding="UTF-8"?>
<testsuites name="61 Campos Adicionales Crear Actualizar Eliminar" time="133.899" tests="3" failures="0" errors="0">
   <testsuite name="61 Campos Adicionales Crear Actualizar Eliminar" tests="3" failures="0" errors="0" time="133.899" skipped="0" timestamp="2023-07-11 12:20:31" hostname="jdavila - PCPruebas101.ciel.cielingenieria.com" id="Test Suites/DIGITURNO/BASICO/61 Campos Adicionales Crear Actualizar Eliminar">
      <properties>
[...]
</properties>
      <testcase name="Test Cases/DIGITURNO/BASICO/61 Campos Adicionales Crear" time="43.607" classname="Test Cases/DIGITURNO/BASICO/61 Campos Adicionales Crear" status="PASSED">
         <system-out><![CDATA[2023-07-11 12:20:32 - [TEST_CASE][PASSED] - Test Cases/DIGITURNO/BASICO/61 Campos Adicionales Crear: Test Cases/DIGITURNO/BASICO/61 Campos Adicionales Crear

2023-07-11 12:20:32 - [TEST_STEP][PASSED] - callTestCase(findTestCase("DIGITURNO/BASICO/59 Datos Complementarios"), [:], STOP_ON_FAILURE): Call Test Case 'Test Cases/DIGITURNO/BASICO/59 Datos Complementarios' successfully

2023-07-11 12:20:32 - [TEST_CASE][PASSED] - Test Cases/DIGITURNO/BASICO/59 Datos Complementarios: Test Cases/DIGITURNO/BASICO/59 Datos Complementarios

2023-07-11 12:20:32 - [TEST_STEP][PASSED] - callTestCase(findTestCase("DIGITURNO/BASICO/3 Configuracion"), [:], STOP_ON_FAILURE): Call Test Case 'Test Cases/DIGITURNO/BASICO/3 Configuracion' successfully

2023-07-11 12:20:32 - [TEST_CASE][PASSED] - Test Cases/DIGITURNO/BASICO/3 Configuracion: Test Cases/DIGITURNO/BASICO/3 Configuracion

2023-07-11 12:20:33 - [TEST_STEP][PASSED] - callTestCase(findTestCase("0InicioSesion"), [:], STOP_ON_FAILURE): Call Test Case 'Test Cases/0InicioSesion' successfully

2023-07-11 12:20:33 - [TEST_CASE][PASSED] - Test Cases/0InicioSesion: Test Cases/0InicioSesion

2023-07-11 12:20:33 - [TEST_STEP][PASSED] - openBrowser(UrlDigiturno): Browser is opened with url: 'https://PCPruebas101.ciel.cielingenieria.com:8810'

2023-07-11 12:20:33 - [MESSAGE][INFO] - Starting 'Chrome' driver

2023-07-11 12:20:33 - [MESSAGE][INFO] - User set preference: ['args', '[--use-fake-ui-for-media-stream, --disable-notifications]']

2023-07-11 12:20:33 - [MESSAGE][INFO] - Action delay is set to 0 milliseconds

2023-07-11 12:20:36 - [MESSAGE][PASSED] - Browser is opened with url: 'https://PCPruebas101.ciel.cielingenieria.com:8810'

2023-07-11 12:20:36 - [TEST_STEP][PASSED] - maximizeWindow(): Current window maximized

2023-07-11 12:20:36 - [MESSAGE][PASSED] - Current window maximized

2023-07-11 12:20:36 - [TEST_STEP][PASSED] - delay(3): Delayed 3 second(s)

2023-07-11 12:20:39 - [MESSAGE][PASSED] - Delayed 3 second(s)

2023-07-11 12:20:39 - [TEST_STEP][PASSED] - setText(findTestObject("0Inicio Sesion/input_Usuario"), "Ciel"): Text 'Ciel' is set on object 'Object Repository/0Inicio Sesion/input_Usuario'

2023-07-11 12:20:40 - [MESSAGE][PASSED] - Text 'Ciel' is set on object 'Object Repository/0Inicio Sesion/input_Usuario'

2023-07-11 12:20:40 - [TEST_STEP][PASSED] - setText(findTestObject("0Inicio Sesion/input_Clave"), "digiturno"): Text 'digiturno' is set on object 'Object Repository/0Inicio Sesion/input_Clave'

2023-07-11 12:20:40 - [MESSAGE][PASSED] - Text 'digiturno' is set on object 'Object Repository/0Inicio Sesion/input_Clave'

2023-07-11 12:20:40 - [TEST_STEP][PASSED] - click(findTestObject("0Inicio Sesion/btn_IniciarSesion")): Object: 'Object Repository/0Inicio Sesion/btn_IniciarSesion' is clicked on

2023-07-11 12:20:41 - [MESSAGE][PASSED] - Object: 'Object Repository/0Inicio Sesion/btn_IniciarSesion' is clicked on

2023-07-11 12:20:41 - [TEST_STEP][PASSED] - delay(3): Delayed 3 second(s)

2023-07-11 12:20:44 - [MESSAGE][PASSED] - Delayed 3 second(s)

2023-07-11 12:20:44 - [MESSAGE][PASSED] - Call Test Case 'Test Cases/0InicioSesion' successfully

2023-07-11 12:20:44 - [TEST_STEP][PASSED] - click(findTestObject("DIGITURNO/1Principal/img_Configuracion(1)")): Object: 'Object Repository/DIGITURNO/1Principal/img_Configuracion(1)' is clicked on

2023-07-11 12:20:44 - [MESSAGE][PASSED] - Object: 'Object Repository/DIGITURNO/1Principal/img_Configuracion(1)' is clicked on

2023-07-11 12:20:44 - [TEST_STEP][PASSED] - delay(3): Delayed 3 second(s)

2023-07-11 12:20:47 - [MESSAGE][PASSED] - Delayed 3 second(s)

2023-07-11 12:20:47 - [TEST_STEP][PASSED] - takeFullPageScreenshot(): Taking screenshot successfully

2023-07-11 12:20:48 - [MESSAGE][INFO] - 0 hidden object(s)

2023-07-11 12:20:48 - [MESSAGE][PASSED] - Taking screenshot successfully
[[ATTACHMENT|C:\\CIEL INGENIERIA\\Katalon\\Digiturno55\\Reports\\20230711_113602\\DIGITURNO\\BASICO\\61 Campos Adicionales Crear Actualizar Eliminar\\20230711_113659\\1689096047911.png]]

2023-07-11 12:20:48 - [TEST_STEP][PASSED] - delay(3): Delayed 3 second(s)

2023-07-11 12:20:51 - [MESSAGE][PASSED] - Delayed 3 second(s)

2023-07-11 12:20:51 - [MESSAGE][PASSED] - Call Test Case 'Test Cases/DIGITURNO/BASICO/3 Configuracion' successfully

2023-07-11 12:20:51 - [TEST_STEP][PASSED] - click(findTestObject("DIGITURNO/CONFIGURACION/0Principal/img_5Datos complementarios")): Object: 'Object Repository/DIGITURNO/CONFIGURACION/0Principal/img_5Datos complementarios' is clicked on

2023-07-11 12:20:52 - [MESSAGE][PASSED] - Object: 'Object Repository/DIGITURNO/CONFIGURACION/0Principal/img_5Datos complementarios' is clicked on

2023-07-11 12:20:52 - [TEST_STEP][PASSED] - delay(3): Delayed 3 second(s)

2023-07-11 12:20:55 - [MESSAGE][PASSED] - Delayed 3 second(s)

2023-07-11 12:20:55 - [TEST_STEP][PASSED] - takeFullPageScreenshot(): Taking screenshot successfully

2023-07-11 12:20:55 - [MESSAGE][INFO] - 0 hidden object(s)

2023-07-11 12:20:55 - [MESSAGE][PASSED] - Taking screenshot successfully
[[ATTACHMENT|C:\\CIEL INGENIERIA\\Katalon\\Digiturno55\\Reports\\20230711_113602\\DIGITURNO\\BASICO\\61 Campos Adicionales Crear Actualizar Eliminar\\20230711_113659\\1689096055152.png]]

2023-07-11 12:20:55 - [TEST_STEP][PASSED] - delay(3): Delayed 3 second(s)

2023-07-11 12:20:58 - [MESSAGE][PASSED] - Delayed 3 second(s)

2023-07-11 12:20:58 - [MESSAGE][PASSED] - Call Test Case 'Test Cases/DIGITURNO/BASICO/59 Datos Complementarios' successfully

2023-07-11 12:20:58 - [TEST_STEP][PASSED] - click(findTestObject("DIGITURNO/CONFIGURACION/5Datos Complementarios/0Principal/img_campos adicionales")): Object: 'Object Repository/DIGITURNO/CONFIGURACION/5Datos Complementarios/0Principal/img_campos adicionales' is clicked on

2023-07-11 12:20:59 - [MESSAGE][PASSED] - Object: 'Object Repository/DIGITURNO/CONFIGURACION/5Datos Complementarios/0Principal/img_campos adicionales' is clicked on

2023-07-11 12:20:59 - [TEST_STEP][PASSED] - delay(3): Delayed 3 second(s)

2023-07-11 12:21:02 - [MESSAGE][PASSED] - Delayed 3 second(s)

2023-07-11 12:21:02 - [TEST_STEP][PASSED] - setText(findTestObject("DIGITURNO/CONFIGURACION/5Datos Complementarios/Campos Adicionales/Adicion de campos Adicionales/Edicion de campos/input_Nombre"), "Prueba"): Text 'Prueba' is set on object 'Object Repository/DIGITURNO/CONFIGURACION/5Datos Complementarios/Campos Adicionales/Adicion de campos Adicionales/Edicion de campos/input_Nombre'

2023-07-11 12:21:03 - [MESSAGE][PASSED] - Text 'Prueba' is set on object 'Object Repository/DIGITURNO/CONFIGURACION/5Datos Complementarios/Campos Adicionales/Adicion de campos Adicionales/Edicion de campos/input_Nombre'

2023-07-11 12:21:03 - [TEST_STEP][PASSED] - selectOptionByIndex(findTestObject("DIGITURNO/CONFIGURACION/5Datos Complementarios/Campos Adicionales/Adicion de campos Adicionales/Edicion de campos/select_TipoDato"), 3): All options with index in [3] are selected on object 'Object Repository/DIGITURNO/CONFIGURACION/5Datos Complementarios/Campos Adicionales/Adicion de campos Adicionales/Edicion de campos/select_TipoDato'

2023-07-11 12:21:04 - [MESSAGE][PASSED] - All options with index in [3] are selected on object 'Object Repository/DIGITURNO/CONFIGURACION/5Datos Complementarios/Campos Adicionales/Adicion de campos Adicionales/Edicion de campos/select_TipoDato'

2023-07-11 12:21:04 - [TEST_STEP][PASSED] - delay(3): Delayed 3 second(s)

2023-07-11 12:21:07 - [MESSAGE][PASSED] - Delayed 3 second(s)

2023-07-11 12:21:07 - [TEST_STEP][PASSED] - setText(findTestObject("DIGITURNO/CONFIGURACION/5Datos Complementarios/Campos Adicionales/Adicion de campos Adicionales/Edicion de campos/input_Valor por defecto"), "0"): Text '0' is set on object 'Object Repository/DIGITURNO/CONFIGURACION/5Datos Complementarios/Campos Adicionales/Adicion de campos Adicionales/Edicion de campos/input_Valor por defecto'

2023-07-11 12:21:08 - [MESSAGE][PASSED] - Text '0' is set on object 'Object Repository/DIGITURNO/CONFIGURACION/5Datos Complementarios/Campos Adicionales/Adicion de campos Adicionales/Edicion de campos/input_Valor por defecto'

2023-07-11 12:21:08 - [TEST_STEP][PASSED] - click(findTestObject("DIGITURNO/CONFIGURACION/5Datos Complementarios/Campos Adicionales/Adicion de campos Adicionales/Edicion de campos/img_Nuevo")): Object: 'Object Repository/DIGITURNO/CONFIGURACION/5Datos Complementarios/Campos Adicionales/Adicion de campos Adicionales/Edicion de campos/img_Nuevo' is clicked on

2023-07-11 12:21:09 - [MESSAGE][PASSED] - Object: 'Object Repository/DIGITURNO/CONFIGURACION/5Datos Complementarios/Campos Adicionales/Adicion de campos Adicionales/Edicion de campos/img_Nuevo' is clicked on

2023-07-11 12:21:09 - [TEST_STEP][PASSED] - delay(3): Delayed 3 second(s)

2023-07-11 12:21:12 - [MESSAGE][PASSED] - Delayed 3 second(s)

2023-07-11 12:21:12 - [TEST_STEP][PASSED] - takeFullPageScreenshot(): Taking screenshot successfully

2023-07-11 12:21:12 - [MESSAGE][INFO] - 0 hidden object(s)

2023-07-11 12:21:12 - [MESSAGE][PASSED] - Taking screenshot successfully
[[ATTACHMENT|C:\\CIEL INGENIERIA\\Katalon\\Digiturno55\\Reports\\20230711_113602\\DIGITURNO\\BASICO\\61 Campos Adicionales Crear Actualizar Eliminar\\20230711_113659\\1689096072029.png]]

2023-07-11 12:21:12 - [TEST_STEP][PASSED] - delay(3): Delayed 3 second(s)

2023-07-11 12:21:15 - [MESSAGE][PASSED] - Delayed 3 second(s)

2023-07-11 12:21:15 - [TEST_STEP][PASSED] - Start listener action : sampleAfterTestCase: null]]></system-out>
         <system-err><![CDATA[]]></system-err>
      </testcase>
      <testcase name="Test Cases/DIGITURNO/BASICO/61 Campos Adicionales Actualizar" time="46.286" classname="Test Cases/DIGITURNO/BASICO/61 Campos Adicionales Actualizar" status="PASSED">
         <system-out><![CDATA[2023-07-11 12:21:15 - [TEST_CASE][PASSED] - Test Cases/DIGITURNO/BASICO/61 Campos Adicionales Actualizar: Test Cases/DIGITURNO/BASICO/61 Campos Adicionales Actualizar

2023-07-11 12:21:16 - [TEST_STEP][PASSED] - callTestCase(findTestCase("DIGITURNO/BASICO/59 Datos Complementarios"), [:], STOP_ON_FAILURE): Call Test Case 'Test Cases/DIGITURNO/BASICO/59 Datos Complementarios' successfully

2023-07-11 12:21:16 - [TEST_CASE][PASSED] - Test Cases/DIGITURNO/BASICO/59 Datos Complementarios: Test Cases/DIGITURNO/BASICO/59 Datos Complementarios

2023-07-11 12:21:16 - [TEST_STEP][PASSED] - callTestCase(findTestCase("DIGITURNO/BASICO/3 Configuracion"), [:], STOP_ON_FAILURE): Call Test Case 'Test Cases/DIGITURNO/BASICO/3 Configuracion' successfully

2023-07-11 12:21:16 - [TEST_CASE][PASSED] - Test Cases/DIGITURNO/BASICO/3 Configuracion: Test Cases/DIGITURNO/BASICO/3 Configuracion

2023-07-11 12:21:16 - [TEST_STEP][PASSED] - callTestCase(findTestCase("0InicioSesion"), [:], STOP_ON_FAILURE): Call Test Case 'Test Cases/0InicioSesion' successfully

2023-07-11 12:21:16 - [TEST_CASE][PASSED] - Test Cases/0InicioSesion: Test Cases/0InicioSesion

2023-07-11 12:21:16 - [TEST_STEP][PASSED] - openBrowser(UrlDigiturno): Browser is opened with url: 'https://PCPruebas101.ciel.cielingenieria.com:8810'

2023-07-11 12:21:16 - [MESSAGE][WARNING] - A browser is already opened. Closing browser and opening a new one

2023-07-11 12:21:17 - [MESSAGE][INFO] - Starting 'Chrome' driver

2023-07-11 12:21:17 - [MESSAGE][INFO] - User set preference: ['args', '[--use-fake-ui-for-media-stream, --disable-notifications]']

2023-07-11 12:21:17 - [MESSAGE][INFO] - Action delay is set to 0 milliseconds

2023-07-11 12:21:18 - [MESSAGE][PASSED] - Browser is opened with url: 'https://PCPruebas101.ciel.cielingenieria.com:8810'

2023-07-11 12:21:18 - [TEST_STEP][PASSED] - maximizeWindow(): Current window maximized

2023-07-11 12:21:18 - [MESSAGE][PASSED] - Current window maximized

2023-07-11 12:21:18 - [TEST_STEP][PASSED] - delay(3): Delayed 3 second(s)

2023-07-11 12:21:21 - [MESSAGE][PASSED] - Delayed 3 second(s)

2023-07-11 12:21:21 - [TEST_STEP][PASSED] - setText(findTestObject("0Inicio Sesion/input_Usuario"), "Ciel"): Text 'Ciel' is set on object 'Object Repository/0Inicio Sesion/input_Usuario'

2023-07-11 12:21:22 - [MESSAGE][PASSED] - Text 'Ciel' is set on object 'Object Repository/0Inicio Sesion/input_Usuario'

2023-07-11 12:21:22 - [TEST_STEP][PASSED] - setText(findTestObject("0Inicio Sesion/input_Clave"), "digiturno"): Text 'digiturno' is set on object 'Object Repository/0Inicio Sesion/input_Clave'

2023-07-11 12:21:23 - [MESSAGE][PASSED] - Text 'digiturno' is set on object 'Object Repository/0Inicio Sesion/input_Clave'

2023-07-11 12:21:23 - [TEST_STEP][PASSED] - click(findTestObject("0Inicio Sesion/btn_IniciarSesion")): Object: 'Object Repository/0Inicio Sesion/btn_IniciarSesion' is clicked on

2023-07-11 12:21:23 - [MESSAGE][PASSED] - Object: 'Object Repository/0Inicio Sesion/btn_IniciarSesion' is clicked on

2023-07-11 12:21:23 - [TEST_STEP][PASSED] - delay(3): Delayed 3 second(s)

2023-07-11 12:21:26 - [MESSAGE][PASSED] - Delayed 3 second(s)

2023-07-11 12:21:26 - [MESSAGE][PASSED] - Call Test Case 'Test Cases/0InicioSesion' successfully

2023-07-11 12:21:26 - [TEST_STEP][PASSED] - click(findTestObject("DIGITURNO/1Principal/img_Configuracion(1)")): Object: 'Object Repository/DIGITURNO/1Principal/img_Configuracion(1)' is clicked on

2023-07-11 12:21:27 - [MESSAGE][PASSED] - Object: 'Object Repository/DIGITURNO/1Principal/img_Configuracion(1)' is clicked on

2023-07-11 12:21:27 - [TEST_STEP][PASSED] - delay(3): Delayed 3 second(s)

2023-07-11 12:21:30 - [MESSAGE][PASSED] - Delayed 3 second(s)

2023-07-11 12:21:30 - [TEST_STEP][PASSED] - takeFullPageScreenshot(): Taking screenshot successfully

2023-07-11 12:21:30 - [MESSAGE][INFO] - 0 hidden object(s)

2023-07-11 12:21:30 - [MESSAGE][PASSED] - Taking screenshot successfully
[[ATTACHMENT|C:\\CIEL INGENIERIA\\Katalon\\Digiturno55\\Reports\\20230711_113602\\DIGITURNO\\BASICO\\61 Campos Adicionales Crear Actualizar Eliminar\\20230711_113659\\1689096090129.png]]

2023-07-11 12:21:30 - [TEST_STEP][PASSED] - delay(3): Delayed 3 second(s)

2023-07-11 12:21:33 - [MESSAGE][PASSED] - Delayed 3 second(s)

2023-07-11 12:21:33 - [MESSAGE][PASSED] - Call Test Case 'Test Cases/DIGITURNO/BASICO/3 Configuracion' successfully

2023-07-11 12:21:33 - [TEST_STEP][PASSED] - click(findTestObject("DIGITURNO/CONFIGURACION/0Principal/img_5Datos complementarios")): Object: 'Object Repository/DIGITURNO/CONFIGURACION/0Principal/img_5Datos complementarios' is clicked on

2023-07-11 12:21:34 - [MESSAGE][PASSED] - Object: 'Object Repository/DIGITURNO/CONFIGURACION/0Principal/img_5Datos complementarios' is clicked on

2023-07-11 12:21:34 - [TEST_STEP][PASSED] - delay(3): Delayed 3 second(s)

2023-07-11 12:21:37 - [MESSAGE][PASSED] - Delayed 3 second(s)

2023-07-11 12:21:37 - [TEST_STEP][PASSED] - takeFullPageScreenshot(): Taking screenshot successfully

2023-07-11 12:21:37 - [MESSAGE][INFO] - 0 hidden object(s)

2023-07-11 12:21:37 - [MESSAGE][PASSED] - Taking screenshot successfully
[[ATTACHMENT|C:\\CIEL INGENIERIA\\Katalon\\Digiturno55\\Reports\\20230711_113602\\DIGITURNO\\BASICO\\61 Campos Adicionales Crear Actualizar Eliminar\\20230711_113659\\1689096097186.png]]

2023-07-11 12:21:37 - [TEST_STEP][PASSED] - delay(3): Delayed 3 second(s)

2023-07-11 12:21:40 - [MESSAGE][PASSED] - Delayed 3 second(s)

2023-07-11 12:21:40 - [MESSAGE][PASSED] - Call Test Case 'Test Cases/DIGITURNO/BASICO/59 Datos Complementarios' successfully

2023-07-11 12:21:40 - [TEST_STEP][PASSED] - click(findTestObject("DIGITURNO/CONFIGURACION/5Datos Complementarios/0Principal/img_campos adicionales")): Object: 'Object Repository/DIGITURNO/CONFIGURACION/5Datos Complementarios/0Principal/img_campos adicionales' is clicked on

2023-07-11 12:21:41 - [MESSAGE][PASSED] - Object: 'Object Repository/DIGITURNO/CONFIGURACION/5Datos Complementarios/0Principal/img_campos adicionales' is clicked on

2023-07-11 12:21:41 - [TEST_STEP][PASSED] - delay(3): Delayed 3 second(s)

2023-07-11 12:21:44 - [MESSAGE][PASSED] - Delayed 3 second(s)

2023-07-11 12:21:44 - [TEST_STEP][PASSED] - setText(findTestObject("DIGITURNO/CONFIGURACION/5Datos Complementarios/Campos Adicionales/Adicion de campos Adicionales/Edicion de campos/0 Lista de campos/input_TextoABuscar"), "Prueba"): Text 'Prueba' is set on object 'Object Repository/DIGITURNO/CONFIGURACION/5Datos Complementarios/Campos Adicionales/Adicion de campos Adicionales/Edicion de campos/0 Lista de campos/input_TextoABuscar'

2023-07-11 12:21:45 - [MESSAGE][PASSED] - Text 'Prueba' is set on object 'Object Repository/DIGITURNO/CONFIGURACION/5Datos Complementarios/Campos Adicionales/Adicion de campos Adicionales/Edicion de campos/0 Lista de campos/input_TextoABuscar'

2023-07-11 12:21:45 - [TEST_STEP][PASSED] - delay(3): Delayed 3 second(s)

2023-07-11 12:21:48 - [MESSAGE][PASSED] - Delayed 3 second(s)

2023-07-11 12:21:48 - [TEST_STEP][PASSED] - click(findTestObject("DIGITURNO/CONFIGURACION/5Datos Complementarios/Campos Adicionales/Adicion de campos Adicionales/Edicion de campos/0 Lista de campos/td_1 Seleccion")): Object: 'Object Repository/DIGITURNO/CONFIGURACION/5Datos Complementarios/Campos Adicionales/Adicion de campos Adicionales/Edicion de campos/0 Lista de campos/td_1 Seleccion' is clicked on

2023-07-11 12:21:48 - [MESSAGE][PASSED] - Object: 'Object Repository/DIGITURNO/CONFIGURACION/5Datos Complementarios/Campos Adicionales/Adicion de campos Adicionales/Edicion de campos/0 Lista de campos/td_1 Seleccion' is clicked on

2023-07-11 12:21:48 - [TEST_STEP][PASSED] - delay(3): Delayed 3 second(s)

2023-07-11 12:21:51 - [MESSAGE][PASSED] - Delayed 3 second(s)

2023-07-11 12:21:51 - [TEST_STEP][PASSED] - selectOptionByIndex(findTestObject("DIGITURNO/CONFIGURACION/5Datos Complementarios/Campos Adicionales/Adicion de campos Adicionales/Edicion de campos/select_TipoDato"), 4): All options with index in [4] are selected on object 'Object Repository/DIGITURNO/CONFIGURACION/5Datos Complementarios/Campos Adicionales/Adicion de campos Adicionales/Edicion de campos/select_TipoDato'

2023-07-11 12:21:52 - [MESSAGE][PASSED] - All options with index in [4] are selected on object 'Object Repository/DIGITURNO/CONFIGURACION/5Datos Complementarios/Campos Adicionales/Adicion de campos Adicionales/Edicion de campos/select_TipoDato'

2023-07-11 12:21:52 - [TEST_STEP][PASSED] - delay(2): Delayed 2 second(s)

2023-07-11 12:21:54 - [MESSAGE][PASSED] - Delayed 2 second(s)

2023-07-11 12:21:54 - [TEST_STEP][PASSED] - click(findTestObject("DIGITURNO/CONFIGURACION/5Datos Complementarios/Campos Adicionales/Adicion de campos Adicionales/Edicion de campos/img_Actualizar")): Object: 'Object Repository/DIGITURNO/CONFIGURACION/5Datos Complementarios/Campos Adicionales/Adicion de campos Adicionales/Edicion de campos/img_Actualizar' is clicked on

2023-07-11 12:21:55 - [MESSAGE][PASSED] - Object: 'Object Repository/DIGITURNO/CONFIGURACION/5Datos Complementarios/Campos Adicionales/Adicion de campos Adicionales/Edicion de campos/img_Actualizar' is clicked on

2023-07-11 12:21:55 - [TEST_STEP][PASSED] - delay(3): Delayed 3 second(s)

2023-07-11 12:21:58 - [MESSAGE][PASSED] - Delayed 3 second(s)

2023-07-11 12:21:58 - [TEST_STEP][PASSED] - takeFullPageScreenshot(): Taking screenshot successfully

2023-07-11 12:21:58 - [MESSAGE][INFO] - 0 hidden object(s)

2023-07-11 12:21:59 - [MESSAGE][PASSED] - Taking screenshot successfully
[[ATTACHMENT|C:\\CIEL INGENIERIA\\Katalon\\Digiturno55\\Reports\\20230711_113602\\DIGITURNO\\BASICO\\61 Campos Adicionales Crear Actualizar Eliminar\\20230711_113659\\1689096118351.png]]

2023-07-11 12:21:59 - [TEST_STEP][PASSED] - delay(3): Delayed 3 second(s)

2023-07-11 12:22:02 - [MESSAGE][PASSED] - Delayed 3 second(s)

2023-07-11 12:22:02 - [TEST_STEP][PASSED] - Start listener action : sampleAfterTestCase: null]]></system-out>
         <system-err><![CDATA[]]></system-err>
      </testcase>
      <testcase name="Test Cases/DIGITURNO/BASICO/61 Campos Adicionales Eliminar" time="43.758" classname="Test Cases/DIGITURNO/BASICO/61 Campos Adicionales Eliminar" status="PASSED">
         <system-out><![CDATA[2023-07-11 12:22:02 - [TEST_CASE][PASSED] - Test Cases/DIGITURNO/BASICO/61 Campos Adicionales Eliminar: Test Cases/DIGITURNO/BASICO/61 Campos Adicionales Eliminar

2023-07-11 12:22:02 - [TEST_STEP][PASSED] - callTestCase(findTestCase("DIGITURNO/BASICO/59 Datos Complementarios"), [:], STOP_ON_FAILURE): Call Test Case 'Test Cases/DIGITURNO/BASICO/59 Datos Complementarios' successfully

2023-07-11 12:22:02 - [TEST_CASE][PASSED] - Test Cases/DIGITURNO/BASICO/59 Datos Complementarios: Test Cases/DIGITURNO/BASICO/59 Datos Complementarios

2023-07-11 12:22:02 - [TEST_STEP][PASSED] - callTestCase(findTestCase("DIGITURNO/BASICO/3 Configuracion"), [:], STOP_ON_FAILURE): Call Test Case 'Test Cases/DIGITURNO/BASICO/3 Configuracion' successfully

2023-07-11 12:22:02 - [TEST_CASE][PASSED] - Test Cases/DIGITURNO/BASICO/3 Configuracion: Test Cases/DIGITURNO/BASICO/3 Configuracion

2023-07-11 12:22:02 - [TEST_STEP][PASSED] - callTestCase(findTestCase("0InicioSesion"), [:], STOP_ON_FAILURE): Call Test Case 'Test Cases/0InicioSesion' successfully

2023-07-11 12:22:02 - [TEST_CASE][PASSED] - Test Cases/0InicioSesion: Test Cases/0InicioSesion

2023-07-11 12:22:02 - [TEST_STEP][PASSED] - openBrowser(UrlDigiturno): Browser is opened with url: 'https://PCPruebas101.ciel.cielingenieria.com:8810'

2023-07-11 12:22:02 - [MESSAGE][WARNING] - A browser is already opened. Closing browser and opening a new one

2023-07-11 12:22:03 - [MESSAGE][INFO] - Starting 'Chrome' driver

2023-07-11 12:22:03 - [MESSAGE][INFO] - User set preference: ['args', '[--use-fake-ui-for-media-stream, --disable-notifications]']

2023-07-11 12:22:03 - [MESSAGE][INFO] - Action delay is set to 0 milliseconds

2023-07-11 12:22:05 - [MESSAGE][PASSED] - Browser is opened with url: 'https://PCPruebas101.ciel.cielingenieria.com:8810'

2023-07-11 12:22:05 - [TEST_STEP][PASSED] - maximizeWindow(): Current window maximized

2023-07-11 12:22:05 - [MESSAGE][PASSED] - Current window maximized

2023-07-11 12:22:05 - [TEST_STEP][PASSED] - delay(3): Delayed 3 second(s)

2023-07-11 12:22:08 - [MESSAGE][PASSED] - Delayed 3 second(s)

2023-07-11 12:22:08 - [TEST_STEP][PASSED] - setText(findTestObject("0Inicio Sesion/input_Usuario"), "Ciel"): Text 'Ciel' is set on object 'Object Repository/0Inicio Sesion/input_Usuario'

2023-07-11 12:22:08 - [MESSAGE][PASSED] - Text 'Ciel' is set on object 'Object Repository/0Inicio Sesion/input_Usuario'

2023-07-11 12:22:08 - [TEST_STEP][PASSED] - setText(findTestObject("0Inicio Sesion/input_Clave"), "digiturno"): Text 'digiturno' is set on object 'Object Repository/0Inicio Sesion/input_Clave'

2023-07-11 12:22:09 - [MESSAGE][PASSED] - Text 'digiturno' is set on object 'Object Repository/0Inicio Sesion/input_Clave'

2023-07-11 12:22:09 - [TEST_STEP][PASSED] - click(findTestObject("0Inicio Sesion/btn_IniciarSesion")): Object: 'Object Repository/0Inicio Sesion/btn_IniciarSesion' is clicked on

2023-07-11 12:22:10 - [MESSAGE][PASSED] - Object: 'Object Repository/0Inicio Sesion/btn_IniciarSesion' is clicked on

2023-07-11 12:22:10 - [TEST_STEP][PASSED] - delay(3): Delayed 3 second(s)

2023-07-11 12:22:13 - [MESSAGE][PASSED] - Delayed 3 second(s)

2023-07-11 12:22:13 - [MESSAGE][PASSED] - Call Test Case 'Test Cases/0InicioSesion' successfully

2023-07-11 12:22:13 - [TEST_STEP][PASSED] - click(findTestObject("DIGITURNO/1Principal/img_Configuracion(1)")): Object: 'Object Repository/DIGITURNO/1Principal/img_Configuracion(1)' is clicked on

2023-07-11 12:22:13 - [MESSAGE][PASSED] - Object: 'Object Repository/DIGITURNO/1Principal/img_Configuracion(1)' is clicked on

2023-07-11 12:22:13 - [TEST_STEP][PASSED] - delay(3): Delayed 3 second(s)

2023-07-11 12:22:16 - [MESSAGE][PASSED] - Delayed 3 second(s)

2023-07-11 12:22:16 - [TEST_STEP][PASSED] - takeFullPageScreenshot(): Taking screenshot successfully

2023-07-11 12:22:17 - [MESSAGE][INFO] - 0 hidden object(s)

2023-07-11 12:22:17 - [MESSAGE][PASSED] - Taking screenshot successfully
[[ATTACHMENT|C:\\CIEL INGENIERIA\\Katalon\\Digiturno55\\Reports\\20230711_113602\\DIGITURNO\\BASICO\\61 Campos Adicionales Crear Actualizar Eliminar\\20230711_113659\\1689096136698.png]]

2023-07-11 12:22:17 - [TEST_STEP][PASSED] - delay(3): Delayed 3 second(s)

2023-07-11 12:22:20 - [MESSAGE][PASSED] - Delayed 3 second(s)

2023-07-11 12:22:20 - [MESSAGE][PASSED] - Call Test Case 'Test Cases/DIGITURNO/BASICO/3 Configuracion' successfully

2023-07-11 12:22:20 - [TEST_STEP][PASSED] - click(findTestObject("DIGITURNO/CONFIGURACION/0Principal/img_5Datos complementarios")): Object: 'Object Repository/DIGITURNO/CONFIGURACION/0Principal/img_5Datos complementarios' is clicked on

2023-07-11 12:22:20 - [MESSAGE][PASSED] - Object: 'Object Repository/DIGITURNO/CONFIGURACION/0Principal/img_5Datos complementarios' is clicked on

2023-07-11 12:22:20 - [TEST_STEP][PASSED] - delay(3): Delayed 3 second(s)

2023-07-11 12:22:23 - [MESSAGE][PASSED] - Delayed 3 second(s)

2023-07-11 12:22:23 - [TEST_STEP][PASSED] - takeFullPageScreenshot(): Taking screenshot successfully

2023-07-11 12:22:24 - [MESSAGE][INFO] - 0 hidden object(s)

2023-07-11 12:22:24 - [MESSAGE][PASSED] - Taking screenshot successfully
[[ATTACHMENT|C:\\CIEL INGENIERIA\\Katalon\\Digiturno55\\Reports\\20230711_113602\\DIGITURNO\\BASICO\\61 Campos Adicionales Crear Actualizar Eliminar\\20230711_113659\\1689096143792.png]]

2023-07-11 12:22:24 - [TEST_STEP][PASSED] - delay(3): Delayed 3 second(s)

2023-07-11 12:22:27 - [MESSAGE][PASSED] - Delayed 3 second(s)

2023-07-11 12:22:27 - [MESSAGE][PASSED] - Call Test Case 'Test Cases/DIGITURNO/BASICO/59 Datos Complementarios' successfully

2023-07-11 12:22:27 - [TEST_STEP][PASSED] - click(findTestObject("DIGITURNO/CONFIGURACION/5Datos Complementarios/0Principal/img_campos adicionales")): Object: 'Object Repository/DIGITURNO/CONFIGURACION/5Datos Complementarios/0Principal/img_campos adicionales' is clicked on

2023-07-11 12:22:27 - [MESSAGE][PASSED] - Object: 'Object Repository/DIGITURNO/CONFIGURACION/5Datos Complementarios/0Principal/img_campos adicionales' is clicked on

2023-07-11 12:22:27 - [TEST_STEP][PASSED] - delay(3): Delayed 3 second(s)

2023-07-11 12:22:30 - [MESSAGE][PASSED] - Delayed 3 second(s)

2023-07-11 12:22:30 - [TEST_STEP][PASSED] - setText(findTestObject("DIGITURNO/CONFIGURACION/5Datos Complementarios/Campos Adicionales/Adicion de campos Adicionales/Edicion de campos/0 Lista de campos/input_TextoABuscar"), "Prueba"): Text 'Prueba' is set on object 'Object Repository/DIGITURNO/CONFIGURACION/5Datos Complementarios/Campos Adicionales/Adicion de campos Adicionales/Edicion de campos/0 Lista de campos/input_TextoABuscar'

2023-07-11 12:22:31 - [MESSAGE][PASSED] - Text 'Prueba' is set on object 'Object Repository/DIGITURNO/CONFIGURACION/5Datos Complementarios/Campos Adicionales/Adicion de campos Adicionales/Edicion de campos/0 Lista de campos/input_TextoABuscar'

2023-07-11 12:22:31 - [TEST_STEP][PASSED] - delay(3): Delayed 3 second(s)

2023-07-11 12:22:34 - [MESSAGE][PASSED] - Delayed 3 second(s)

2023-07-11 12:22:34 - [TEST_STEP][PASSED] - click(findTestObject("DIGITURNO/CONFIGURACION/5Datos Complementarios/Campos Adicionales/Adicion de campos Adicionales/Edicion de campos/0 Lista de campos/td_1 Seleccion")): Object: 'Object Repository/DIGITURNO/CONFIGURACION/5Datos Complementarios/Campos Adicionales/Adicion de campos Adicionales/Edicion de campos/0 Lista de campos/td_1 Seleccion' is clicked on

2023-07-11 12:22:35 - [MESSAGE][PASSED] - Object: 'Object Repository/DIGITURNO/CONFIGURACION/5Datos Complementarios/Campos Adicionales/Adicion de campos Adicionales/Edicion de campos/0 Lista de campos/td_1 Seleccion' is clicked on

2023-07-11 12:22:35 - [TEST_STEP][PASSED] - delay(3): Delayed 3 second(s)

2023-07-11 12:22:38 - [MESSAGE][PASSED] - Delayed 3 second(s)

2023-07-11 12:22:38 - [TEST_STEP][PASSED] - click(findTestObject("DIGITURNO/CONFIGURACION/5Datos Complementarios/Campos Adicionales/Adicion de campos Adicionales/Edicion de campos/img_Eliminar")): Object: 'Object Repository/DIGITURNO/CONFIGURACION/5Datos Complementarios/Campos Adicionales/Adicion de campos Adicionales/Edicion de campos/img_Eliminar' is clicked on

2023-07-11 12:22:38 - [MESSAGE][PASSED] - Object: 'Object Repository/DIGITURNO/CONFIGURACION/5Datos Complementarios/Campos Adicionales/Adicion de campos Adicionales/Edicion de campos/img_Eliminar' is clicked on

2023-07-11 12:22:38 - [TEST_STEP][PASSED] - click(findTestObject("DIGITURNO/CONFIGURACION/5Datos Complementarios/Campos Adicionales/Adicion de campos Adicionales/Edicion de campos/img_Eliminar")): Object: 'Object Repository/DIGITURNO/CONFIGURACION/5Datos Complementarios/Campos Adicionales/Adicion de campos Adicionales/Edicion de campos/img_Eliminar' is clicked on

2023-07-11 12:22:39 - [MESSAGE][PASSED] - Object: 'Object Repository/DIGITURNO/CONFIGURACION/5Datos Complementarios/Campos Adicionales/Adicion de campos Adicionales/Edicion de campos/img_Eliminar' is clicked on

2023-07-11 12:22:39 - [TEST_STEP][PASSED] - acceptAlert(): Alert accepted

2023-07-11 12:22:39 - [MESSAGE][PASSED] - Alert accepted

2023-07-11 12:22:39 - [TEST_STEP][PASSED] - delay(3): Delayed 3 second(s)

2023-07-11 12:22:42 - [MESSAGE][PASSED] - Delayed 3 second(s)

2023-07-11 12:22:42 - [TEST_STEP][PASSED] - takeFullPageScreenshot(): Taking screenshot successfully

2023-07-11 12:22:42 - [MESSAGE][INFO] - 0 hidden object(s)

2023-07-11 12:22:42 - [MESSAGE][PASSED] - Taking screenshot successfully
[[ATTACHMENT|C:\\CIEL INGENIERIA\\Katalon\\Digiturno55\\Reports\\20230711_113602\\DIGITURNO\\BASICO\\61 Campos Adicionales Crear Actualizar Eliminar\\20230711_113659\\1689096162165.png]]

2023-07-11 12:22:42 - [TEST_STEP][PASSED] - delay(3): Delayed 3 second(s)

2023-07-11 12:22:45 - [MESSAGE][PASSED] - Delayed 3 second(s)

2023-07-11 12:22:45 - [TEST_STEP][PASSED] - Start listener action : sampleAfterTestCase: null]]></system-out>
         <system-err><![CDATA[]]></system-err>
      </testcase>
      <system-out><![CDATA[2023-07-11 12:20:31 - [TEST_SUITE][PASSED] - 61 Campos Adicionales Crear Actualizar Eliminar: Test Cases/DIGITURNO/BASICO/61 Campos Adicionales Eliminar]]></system-out>
      <system-err><![CDATA[]]></system-err>
   </testsuite>
</testsuites>
